Flow report for sopc01
Mon Sep 09 09:48:26 2024
Quartus II 32-bit Version 11.1 Build 173 11/01/2011 SJ Web Edition


---------------------
; Table of Contents ;
---------------------
  1. Legal Notice
  2. Flow Summary
  3. Flow Settings
  4. Flow Non-Default Global Settings
  5. Flow Elapsed Time
  6. Flow OS Summary
  7. Flow Log



----------------
; Legal Notice ;
----------------
Copyright (C) 1991-2011 Altera Corporation
Your use of Altera Corporation's design tools, logic functions 
and other software and tools, and its AMPP partner logic 
functions, and any output files from any of the foregoing 
(including device programming or simulation files), and any 
associated documentation or information are expressly subject 
to the terms and conditions of the Altera Program License 
Subscription Agreement, Altera MegaCore Function License 
Agreement, or other applicable license agreement, including, 
without limitation, that your use is for the sole purpose of 
programming logic devices manufactured by Altera and sold by 
Altera or its authorized distributors.  Please refer to the 
applicable agreement for further details.



+-------------------------------------------------------------------------------+
; Flow Summary                                                                  ;
+------------------------------------+------------------------------------------+
; Flow Status                        ; Successful - Mon Sep 09 09:48:26 2024    ;
; Quartus II 32-bit Version          ; 11.1 Build 173 11/01/2011 SJ Web Edition ;
; Revision Name                      ; sopc01                                   ;
; Top-level Entity Name              ; nios                                     ;
; Family                             ; Cyclone II                               ;
; Device                             ; EP2C20F484C7                             ;
; Timing Models                      ; Final                                    ;
; Total logic elements               ; 1,452 / 18,752 ( 8 % )                   ;
;     Total combinational functions  ; 1,388 / 18,752 ( 7 % )                   ;
;     Dedicated logic registers      ; 738 / 18,752 ( 4 % )                     ;
; Total registers                    ; 738                                      ;
; Total pins                         ; 4 / 315 ( 1 % )                          ;
; Total virtual pins                 ; 0                                        ;
; Total memory bits                  ; 75,808 / 239,616 ( 32 % )                ;
; Embedded Multiplier 9-bit elements ; 0 / 52 ( 0 % )                           ;
; Total PLLs                         ; 0 / 4 ( 0 % )                            ;
+------------------------------------+------------------------------------------+


+-----------------------------------------+
; Flow Settings                           ;
+-------------------+---------------------+
; Option            ; Setting             ;
+-------------------+---------------------+
; Start date & time ; 09/09/2024 09:47:33 ;
; Main task         ; Compilation         ;
; Revision Name     ; sopc01              ;
+-------------------+---------------------+


+-----------------------------------------------------------------------------------------------------------------+
; Flow Non-Default Global Settings                                                                                ;
+-------------------------------------+--------------------------------+---------------+-------------+------------+
; Assignment Name                     ; Value                          ; Default Value ; Entity Name ; Section Id ;
+-------------------------------------+--------------------------------+---------------+-------------+------------+
; COMPILER_SIGNATURE_ID               ; 10995770589201.172586445311172 ; --            ; --          ; --         ;
; MAX_CORE_JUNCTION_TEMP              ; 85                             ; --            ; --          ; --         ;
; MIN_CORE_JUNCTION_TEMP              ; 0                              ; --            ; --          ; --         ;
; PARTITION_COLOR                     ; 16764057                       ; --            ; nios        ; Top        ;
; PARTITION_FITTER_PRESERVATION_LEVEL ; PLACEMENT_AND_ROUTING          ; --            ; nios        ; Top        ;
; PARTITION_NETLIST_TYPE              ; SOURCE                         ; --            ; nios        ; Top        ;
; TOP_LEVEL_ENTITY                    ; nios                           ; sopc01        ; --          ; --         ;
+-------------------------------------+--------------------------------+---------------+-------------+------------+


+-------------------------------------------------------------------------------------------------------------------------------+
; Flow Elapsed Time                                                                                                             ;
+---------------------------+--------------+-------------------------+---------------------+------------------------------------+
; Module Name               ; Elapsed Time ; Average Processors Used ; Peak Virtual Memory ; Total CPU Time (on all processors) ;
+---------------------------+--------------+-------------------------+---------------------+------------------------------------+
; Analysis & Synthesis      ; 00:00:42     ; 1.0                     ; 375 MB              ; 00:00:17                           ;
; Fitter                    ; 00:00:05     ; 1.0                     ; 387 MB              ; 00:00:04                           ;
; Assembler                 ; 00:00:02     ; 1.0                     ; 311 MB              ; 00:00:01                           ;
; TimeQuest Timing Analyzer ; 00:00:02     ; 1.0                     ; 295 MB              ; 00:00:01                           ;
; Total                     ; 00:00:51     ; --                      ; --                  ; 00:00:23                           ;
+---------------------------+--------------+-------------------------+---------------------+------------------------------------+


+----------------------------------------------------------------------------------------+
; Flow OS Summary                                                                        ;
+---------------------------+------------------+-----------+------------+----------------+
; Module Name               ; Machine Hostname ; OS Name   ; OS Version ; Processor type ;
+---------------------------+------------------+-----------+------------+----------------+
; Analysis & Synthesis      ; StarWar          ; Windows 7 ; 6.2        ; x86_64         ;
; Fitter                    ; StarWar          ; Windows 7 ; 6.2        ; x86_64         ;
; Assembler                 ; StarWar          ; Windows 7 ; 6.2        ; x86_64         ;
; TimeQuest Timing Analyzer ; StarWar          ; Windows 7 ; 6.2        ; x86_64         ;
+---------------------------+------------------+-----------+------------+----------------+


------------
; Flow Log ;
------------
quartus_map --read_settings_files=on --write_settings_files=off sopc01 -c sopc01
quartus_fit --read_settings_files=off --write_settings_files=off sopc01 -c sopc01
quartus_asm --read_settings_files=off --write_settings_files=off sopc01 -c sopc01
quartus_sta sopc01 -c sopc01



